<?xml version="1.0" encoding="UTF-8"?>
<testng-results skipped="0" failed="0" ignored="0" total="1" passed="1">
  <reporter-output>
  </reporter-output>
  <suite name="Suite" duration-ms="63" started-at="2019-09-29T18:06:39Z" finished-at="2019-09-29T18:06:39Z">
    <groups>
    </groups>
    <test name="Test" duration-ms="63" started-at="2019-09-29T18:06:39Z" finished-at="2019-09-29T18:06:39Z">
      <class name="com.jenkinsmavenTest.Dev1Test">
        <test-method status="PASS" signature="test()[pri:0, instance:com.jenkinsmavenTest.Dev1Test@32e6e9c3]" name="test" duration-ms="14" started-at="2019-09-29T18:06:39Z" finished-at="2019-09-29T18:06:39Z">
          <reporter-output>
          </reporter-output>
        </test-method> <!-- test -->
      </class> <!-- com.jenkinsmavenTest.Dev1Test -->
    </test> <!-- Test -->
  </suite> <!-- Suite -->
</testng-results>
