<?xml version="1.0" encoding="UTF-8"?>
<testng-results skipped="0" failed="0" ignored="0" total="1" passed="1">
  <reporter-output>
  </reporter-output>
  <suite name="Default suite" duration-ms="63" started-at="2019-09-29T17:50:49Z" finished-at="2019-09-29T17:50:49Z">
    <groups>
    </groups>
    <test name="Default test" duration-ms="63" started-at="2019-09-29T17:50:49Z" finished-at="2019-09-29T17:50:49Z">
      <class name="com.jenkinsmavenTest.Dev1Test">
        <test-method status="PASS" signature="test()[pri:0, instance:com.jenkinsmavenTest.Dev1Test@1ce92674]" name="test" duration-ms="16" started-at="2019-09-29T17:50:49Z" finished-at="2019-09-29T17:50:49Z">
          <reporter-output>
          </reporter-output>
        </test-method> <!-- test -->
      </class> <!-- com.jenkinsmavenTest.Dev1Test -->
    </test> <!-- Default test -->
  </suite> <!-- Default suite -->
</testng-results>
